<?xml version="1.0" encoding="UTF-8"?><testsuite errors="0" failures="0" name="in.co.gorest.gorestinfo.GoRestCURDTestWithSteps" skipped="0" tests="4" time="6.26" timestamp="2022-06-07T22:48:37.137+01:00[Europe/London]"><testcase classname="in.co.gorest.gorestinfo.GoRestCURDTestWithSteps" name="This will create new user"/><testcase classname="in.co.gorest.gorestinfo.GoRestCURDTestWithSteps" name="Verify if the user was added to the application"/><testcase classname="in.co.gorest.gorestinfo.GoRestCURDTestWithSteps" name="Update the Users information and verify the updated information"/><testcase classname="in.co.gorest.gorestinfo.GoRestCURDTestWithSteps" name="Delete the User and verify if the User is deleted!"/></testsuite>